{
  "0 debug pnpm:scope": {
    "selected": 1
  },
  "1 error pnpm": {
    "errno": 1,
    "code": "ELIFECYCLE",
    "pkgid": "eternal-work@0.0.0",
    "stage": "start",
    "script": "vite",
    "pkgname": "eternal-work",
    "err": {
      "name": "pnpm",
      "message": "eternal-work@0.0.0 start: `vite`\nExit status 1",
      "code": "ELIFECYCLE",
      "stack": "pnpm: eternal-work@0.0.0 start: `vite`\nExit status 1\n    at EventEmitter.<anonymous> (C:\\Users\\kabis\\AppData\\Roaming\\npm\\node_modules\\pnpm\\dist\\pnpm.cjs:108610:20)\n    at EventEmitter.emit (node:events:526:28)\n    at ChildProcess.<anonymous> (C:\\Users\\kabis\\AppData\\Roaming\\npm\\node_modules\\pnpm\\dist\\pnpm.cjs:95176:18)\n    at ChildProcess.emit (node:events:526:28)\n    at maybeClose (node:internal/child_process:1092:16)\n    at Process.ChildProcess._handle.onexit (node:internal/child_process:302:5)"
    }
  },
  "2 warn pnpm:global": " Local package.json exists, but node_modules missing, did you mean to install?"
}